[1/14] Building C object esp-idf/common_nvs/CMakeFiles/__idf_common_nvs.dir/common_nvs.c.obj
../components/common_nvs/common_nvs.c: In function 'init_info_wifi':
../components/common_nvs/common_nvs.c:19:15: warning: unused variable 'err_ssid' [-Wunused-variable]
   19 |     esp_err_t err_ssid = nvs_set_str(wifi, "SSID", "");
      |               ^~~~~~~~
../components/common_nvs/common_nvs.c:18:15: warning: unused variable 'err_pass' [-Wunused-variable]
   18 |     esp_err_t err_pass = nvs_set_str(wifi, "PASSWORD", "");
      |               ^~~~~~~~
../components/common_nvs/common_nvs.c: In function 'init_info_last_id_payload':
../components/common_nvs/common_nvs.c:31:19: warning: unused variable 'err_commit' [-Wunused-variable]
   31 |         esp_err_t err_commit = nvs_commit(id);
      |                   ^~~~~~~~~~
../components/common_nvs/common_nvs.c: In function 'get_last_id_payload':
../components/common_nvs/common_nvs.c:40:15: warning: unused variable 'err_id' [-Wunused-variable]
   40 |     esp_err_t err_id = nvs_get_u32(id, "ID_LAST", &last_id);
      |               ^~~~~~
../components/common_nvs/common_nvs.c:39:15: warning: unused variable 'err_open' [-Wunused-variable]
   39 |     esp_err_t err_open = nvs_open("ID", NVS_READONLY, &id);
      |               ^~~~~~~~
../components/common_nvs/common_nvs.c: In function 'save_wifi':
../components/common_nvs/common_nvs.c:65:15: warning: unused variable 'err_ssid' [-Wunused-variable]
   65 |     esp_err_t err_ssid = nvs_set_str(wifi, "SSID", ssid);
      |               ^~~~~~~~
../components/common_nvs/common_nvs.c:64:15: warning: unused variable 'err_pass' [-Wunused-variable]
   64 |     esp_err_t err_pass = nvs_set_str(wifi, "PASSWORD", pass);
      |               ^~~~~~~~
../components/common_nvs/common_nvs.c: In function 'get_info_last_wifi':
../components/common_nvs/common_nvs.c:78:40: warning: passing argument 4 of 'nvs_get_str' from incompatible pointer type [-Wincompatible-pointer-types]
   78 |     nvs_get_str(wifi, "SSID", ssid_bf, &length_ssid);
      |                                        ^~~~~~~~~~~~
      |                                        |
      |                                        uint32_t * {aka long unsigned int *}
In file included from ../components/common_nvs/include/common_nvs.h:3,
                 from ../components/common_nvs/common_nvs.c:4:
/home/ynghia/esp/esp-idf/components/nvs_flash/include/nvs.h:457:87: note: expected 'size_t *' {aka 'unsigned int *'} but argument is of type 'uint32_t *' {aka 'long unsigned int *'}
  457 | esp_err_t nvs_get_str (nvs_handle_t handle, const char* key, char* out_value, size_t* length);
      |                                                                               ~~~~~~~~^~~~~~
../components/common_nvs/common_nvs.c:79:44: warning: passing argument 4 of 'nvs_get_str' from incompatible pointer type [-Wincompatible-pointer-types]
   79 |     nvs_get_str(wifi, "PASSWORD", pass_bf, &length_pass);
      |                                            ^~~~~~~~~~~~
      |                                            |
      |                                            uint32_t * {aka long unsigned int *}
/home/ynghia/esp/esp-idf/components/nvs_flash/include/nvs.h:457:87: note: expected 'size_t *' {aka 'unsigned int *'} but argument is of type 'uint32_t *' {aka 'long unsigned int *'}
  457 | esp_err_t nvs_get_str (nvs_handle_t handle, const char* key, char* out_value, size_t* length);
      |                                                                               ~~~~~~~~^~~~~~
[2/14] Linking C static library esp-idf/common_nvs/libcommon_nvs.a
[3/14] Performing build step for 'bootloader'
[1/1] cd /home/ynghia/CODE/IDF/vinfast/build/bootloader/esp-idf/esptool_py && /home/ynghia/.espressif/python_env/idf5.1_py3.8_env/bin/python /home/ynghia/esp/esp-idf/components/partition_table/check_sizes.py --offset 0x8000 bootloader 0x1000 /home/ynghia/CODE/IDF/vinfast/build/bootloader/bootloader.bin
Bootloader binary size 0x6870 bytes. 0x790 bytes (7%) free.
[4/12] Building C object esp-idf/app_get_realtime/CMakeFiles/__idf_app_get_realtime.dir/app_get_realtime.c.obj
FAILED: esp-idf/app_get_realtime/CMakeFiles/__idf_app_get_realtime.dir/app_get_realtime.c.obj 
/home/ynghia/.espressif/tools/xtensa-esp32-elf/esp-12.2.0_20230208/xtensa-esp32-elf/bin/xtensa-esp32-elf-gcc -DESP_PLATFORM -DIDF_VER=\"v5.1.4-52-g978d574e5e-dirty\" -DSOC_MMU_PAGE_SIZE=CONFIG_MMU_PAGE_SIZE -D_GNU_SOURCE -D_POSIX_READER_WRITER_LOCKS -Iconfig -I../components/app_get_realtime/include -I/home/ynghia/esp/esp-idf/components/newlib/platform_include -I/home/ynghia/esp/esp-idf/components/freertos/FreeRTOS-Kernel/include -I/home/ynghia/esp/esp-idf/components/freertos/FreeRTOS-Kernel/portable/xtensa/include -I/home/ynghia/esp/esp-idf/components/freertos/esp_additions/include/freertos -I/home/ynghia/esp/esp-idf/components/freertos/esp_additions/include -I/home/ynghia/esp/esp-idf/components/freertos/esp_additions/arch/xtensa/include -I/home/ynghia/esp/esp-idf/components/esp_hw_support/include -I/home/ynghia/esp/esp-idf/components/esp_hw_support/include/soc -I/home/ynghia/esp/esp-idf/components/esp_hw_support/include/soc/esp32 -I/home/ynghia/esp/esp-idf/components/esp_hw_support/port/esp32/. -I/home/ynghia/esp/esp-idf/components/heap/include -I/home/ynghia/esp/esp-idf/components/log/include -I/home/ynghia/esp/esp-idf/components/soc/include -I/home/ynghia/esp/esp-idf/components/soc/esp32 -I/home/ynghia/esp/esp-idf/components/soc/esp32/include -I/home/ynghia/esp/esp-idf/components/hal/esp32/include -I/home/ynghia/esp/esp-idf/components/hal/include -I/home/ynghia/esp/esp-idf/components/hal/platform_port/include -I/home/ynghia/esp/esp-idf/components/esp_rom/include -I/home/ynghia/esp/esp-idf/components/esp_rom/include/esp32 -I/home/ynghia/esp/esp-idf/components/esp_rom/esp32 -I/home/ynghia/esp/esp-idf/components/esp_common/include -I/home/ynghia/esp/esp-idf/components/esp_system/include -I/home/ynghia/esp/esp-idf/components/esp_system/port/soc -I/home/ynghia/esp/esp-idf/components/esp_system/port/include/private -I/home/ynghia/esp/esp-idf/components/xtensa/include -I/home/ynghia/esp/esp-idf/components/xtensa/esp32/include -I/home/ynghia/esp/esp-idf/components/lwip/include -I/home/ynghia/esp/esp-idf/components/lwip/include/apps -I/home/ynghia/esp/esp-idf/components/lwip/include/apps/sntp -I/home/ynghia/esp/esp-idf/components/lwip/lwip/src/include -I/home/ynghia/esp/esp-idf/components/lwip/port/include -I/home/ynghia/esp/esp-idf/components/lwip/port/freertos/include -I/home/ynghia/esp/esp-idf/components/lwip/port/esp32xx/include -I/home/ynghia/esp/esp-idf/components/lwip/port/esp32xx/include/arch -I../components/app_request_https/include -I/home/ynghia/esp/esp-idf/components/esp_netif/include -I/home/ynghia/esp/esp-idf/components/esp_event/include -I../components/common_nvs/include -I/home/ynghia/esp/esp-idf/components/nvs_flash/include -I/home/ynghia/esp/esp-idf/components/esp_partition/include -I/home/ynghia/esp/esp-idf/components/spi_flash/include -mlongcalls -Wno-frame-address    -ffunction-sections -fdata-sections -Wall -Werror=all -Wno-error=unused-function -Wno-error=unused-variable -Wno-error=unused-but-set-variable -Wno-error=deprecated-declarations -Wextra -Wno-unused-parameter -Wno-sign-compare -Wno-enum-conversion -gdwarf-4 -ggdb -Og -fmacro-prefix-map=/home/ynghia/CODE/IDF/vinfast=. -fmacro-prefix-map=/home/ynghia/esp/esp-idf=/IDF -fstrict-volatile-bitfields -fno-jump-tables -fno-tree-switch-conversion -DconfigENABLE_FREERTOS_DEBUG_OCDAWARE=1 -std=gnu17 -Wno-old-style-declaration -MD -MT esp-idf/app_get_realtime/CMakeFiles/__idf_app_get_realtime.dir/app_get_realtime.c.obj -MF esp-idf/app_get_realtime/CMakeFiles/__idf_app_get_realtime.dir/app_get_realtime.c.obj.d -o esp-idf/app_get_realtime/CMakeFiles/__idf_app_get_realtime.dir/app_get_realtime.c.obj   -c ../components/app_get_realtime/app_get_realtime.c
../components/app_get_realtime/app_get_realtime.c: In function 'init_time':
../components/app_get_realtime/app_get_realtime.c:40:62: error: field width used with '%%' gnu_strftime format [-Werror=format=]
   40 |     strftime(strftime_buf, sizeof(strftime_buf), "%Y-%m-%d%20%H:%M:%S", &timeinfo);
      |                                                              ^
cc1: some warnings being treated as errors
[5/12] Building C object esp-idf/app_request_https/CMakeFiles/__idf_app_request_https.dir/app_request_https.c.obj
ninja: build stopped: subcommand failed.
