[1/9] Performing build step for 'bootloader'
[1/1] cd /home/ynghia/CODE/IDF/vinfast/build/bootloader/esp-idf/esptool_py && /home/ynghia/.espressif/python_env/idf5.1_py3.8_env/bin/python /home/ynghia/esp/esp-idf/components/partition_table/check_sizes.py --offset 0x8000 bootloader 0x1000 /home/ynghia/CODE/IDF/vinfast/build/bootloader/bootloader.bin
Bootloader binary size 0x6870 bytes. 0x790 bytes (7%) free.
[2/7] Building C object esp-idf/app_request_https/CMakeFiles/__idf_app_request_https.dir/app_request_https.c.obj
FAILED: esp-idf/app_request_https/CMakeFiles/__idf_app_request_https.dir/app_request_https.c.obj 
/home/ynghia/.espressif/tools/xtensa-esp32-elf/esp-12.2.0_20230208/xtensa-esp32-elf/bin/xtensa-esp32-elf-gcc -DESP_PLATFORM -DIDF_VER=\"v5.1.4-52-g978d574e5e-dirty\" -DSOC_MMU_PAGE_SIZE=CONFIG_MMU_PAGE_SIZE -D_GNU_SOURCE -D_POSIX_READER_WRITER_LOCKS -Iconfig -I../components/app_request_https/include -I/home/ynghia/esp/esp-idf/components/newlib/platform_include -I/home/ynghia/esp/esp-idf/components/freertos/FreeRTOS-Kernel/include -I/home/ynghia/esp/esp-idf/components/freertos/FreeRTOS-Kernel/portable/xtensa/include -I/home/ynghia/esp/esp-idf/components/freertos/esp_additions/include/freertos -I/home/ynghia/esp/esp-idf/components/freertos/esp_additions/include -I/home/ynghia/esp/esp-idf/components/freertos/esp_additions/arch/xtensa/include -I/home/ynghia/esp/esp-idf/components/esp_hw_support/include -I/home/ynghia/esp/esp-idf/components/esp_hw_support/include/soc -I/home/ynghia/esp/esp-idf/components/esp_hw_support/include/soc/esp32 -I/home/ynghia/esp/esp-idf/components/esp_hw_support/port/esp32/. -I/home/ynghia/esp/esp-idf/components/heap/include -I/home/ynghia/esp/esp-idf/components/log/include -I/home/ynghia/esp/esp-idf/components/soc/include -I/home/ynghia/esp/esp-idf/components/soc/esp32 -I/home/ynghia/esp/esp-idf/components/soc/esp32/include -I/home/ynghia/esp/esp-idf/components/hal/esp32/include -I/home/ynghia/esp/esp-idf/components/hal/include -I/home/ynghia/esp/esp-idf/components/hal/platform_port/include -I/home/ynghia/esp/esp-idf/components/esp_rom/include -I/home/ynghia/esp/esp-idf/components/esp_rom/include/esp32 -I/home/ynghia/esp/esp-idf/components/esp_rom/esp32 -I/home/ynghia/esp/esp-idf/components/esp_common/include -I/home/ynghia/esp/esp-idf/components/esp_system/include -I/home/ynghia/esp/esp-idf/components/esp_system/port/soc -I/home/ynghia/esp/esp-idf/components/esp_system/port/include/private -I/home/ynghia/esp/esp-idf/components/xtensa/include -I/home/ynghia/esp/esp-idf/components/xtensa/esp32/include -I/home/ynghia/esp/esp-idf/components/lwip/include -I/home/ynghia/esp/esp-idf/components/lwip/include/apps -I/home/ynghia/esp/esp-idf/components/lwip/include/apps/sntp -I/home/ynghia/esp/esp-idf/components/lwip/lwip/src/include -I/home/ynghia/esp/esp-idf/components/lwip/port/include -I/home/ynghia/esp/esp-idf/components/lwip/port/freertos/include -I/home/ynghia/esp/esp-idf/components/lwip/port/esp32xx/include -I/home/ynghia/esp/esp-idf/components/lwip/port/esp32xx/include/arch -I/home/ynghia/esp/esp-idf/components/esp_http_client/include -I/home/ynghia/esp/esp-idf/components/esp_event/include -mlongcalls -Wno-frame-address    -ffunction-sections -fdata-sections -Wall -Werror=all -Wno-error=unused-function -Wno-error=unused-variable -Wno-error=unused-but-set-variable -Wno-error=deprecated-declarations -Wextra -Wno-unused-parameter -Wno-sign-compare -Wno-enum-conversion -gdwarf-4 -ggdb -Og -fmacro-prefix-map=/home/ynghia/CODE/IDF/vinfast=. -fmacro-prefix-map=/home/ynghia/esp/esp-idf=/IDF -fstrict-volatile-bitfields -fno-jump-tables -fno-tree-switch-conversion -DconfigENABLE_FREERTOS_DEBUG_OCDAWARE=1 -std=gnu17 -Wno-old-style-declaration -MD -MT esp-idf/app_request_https/CMakeFiles/__idf_app_request_https.dir/app_request_https.c.obj -MF esp-idf/app_request_https/CMakeFiles/__idf_app_request_https.dir/app_request_https.c.obj.d -o esp-idf/app_request_https/CMakeFiles/__idf_app_request_https.dir/app_request_https.c.obj   -c ../components/app_request_https/app_request_https.c
../components/app_request_https/app_request_https.c: In function '_http_event_handler':
../components/app_request_https/app_request_https.c:38:28: error: implicit declaration of function 'MIN' [-Werror=implicit-function-declaration]
   38 |                 copy_len = MIN(evt->data_len, (MAX_HTTP_OUTPUT_BUFFER - output_len));
      |                            ^~~
../components/app_request_https/app_request_https.c:38:48: error: 'MAX_HTTP_OUTPUT_BUFFER' undeclared (first use in this function)
   38 |                 copy_len = MIN(evt->data_len, (MAX_HTTP_OUTPUT_BUFFER - output_len));
      |                                                ^~~~~~~~~~~~~~~~~~~~~~
../components/app_request_https/app_request_https.c:38:48: note: each undeclared identifier is reported only once for each function it appears in
../components/app_request_https/app_request_https.c:82:13: error: implicit declaration of function 'esp_tls_get_and_clear_last_error' [-Werror=implicit-function-declaration]
   82 |             esp_tls_get_and_clear_last_error((esp_tls_error_handle_t)evt->data, &mbedtls_err, NULL);
      |             ^~~~~~~~~~~~~~~~~~~~~~~~~~~~~~~~
../components/app_request_https/app_request_https.c:82:47: error: 'esp_tls_error_handle_t' undeclared (first use in this function)
   82 |             esp_tls_get_and_clear_last_error((esp_tls_error_handle_t)evt->data, &mbedtls_err, NULL);
      |                                               ^~~~~~~~~~~~~~~~~~~~~~
../components/app_request_https/app_request_https.c:82:70: error: expected ')' before 'evt'
   82 |             esp_tls_get_and_clear_last_error((esp_tls_error_handle_t)evt->data, &mbedtls_err, NULL);
      |                                             ~                        ^~~
      |                                                                      )
cc1: some warnings being treated as errors
ninja: build stopped: subcommand failed.
